StepsCount: 38
CrashScreen: screenshot-38-115249545.png
20260120222221
crash:
// CRASH: it.feio.android.omninotes.alpha (pid 14627) (dump time: 2026-01-20 22:22:21
// Version: 
// Long Msg: java.lang.NullPointerException: Parameter specified as non-null is null: method it.feio.android.omninotes.alpha.applock.delegate.WindowCallbackWrapper.onMenuOpened, parameter menu
// 	at it.feio.android.omninotes.alpha.delegate.WindowCallbackWrapper.onMenuOpened(Unknown Source:2)
// 	at com.android.internal.policy.PhoneWindow$ActionMenuPresenterCallback.onOpenSubMenu(PhoneWindow.java:2500)
// 	at com.android.internal.view.menu.BaseMenuPresenter.onSubMenuSelected(BaseMenuPresenter.java:211)
// 	at android.widget.ActionMenuPresenter.showOverflowMenu(ActionMenuPresenter.java:560)
// 	at android.widget.ActionMenuPresenter$OverflowMenuButton.performClick(ActionMenuPresenter.java:893)
// 	at android.view.View.performClickInternal(View.java:8009)
// 	at android.view.View.-$$Nest$mperformClickInternal(Unknown Source:0)
// 	at android.view.View$PerformClick.run(View.java:31484)
// 	at android.os.Handler.handleCallback(Handler.java:959)
// 	at android.os.Handler.dispatchMessage(Handler.java:100)
// 	at android.os.Looper.loopOnce(Looper.java:301)
// 	at android.os.Looper.loop(Looper.java:398)
// 	at android.app.ActivityThread.main(ActivityThread.java:9055)
// 	at java.lang.reflect.Method.invoke(Native Method)
// 	at com.android.internal.os.RuntimeInit$MethodAndArgsCaller.run(RuntimeInit.java:627)
// 	at com.android.internal.os.ZygoteInit.main(ZygoteInit.java:970)
// crash end



